<?xml version="1.0" encoding="UTF-8"?>
<testng-results ignored="0" total="1" passed="1" failed="0" skipped="0">
  <reporter-output>
  </reporter-output>
  <suite started-at="2022-05-23T20:39:57 CEST" name="Default suite" finished-at="2022-05-23T20:40:06 CEST" duration-ms="9359">
    <groups>
    </groups>
    <test started-at="2022-05-23T20:39:57 CEST" name="Default test" finished-at="2022-05-23T20:40:06 CEST" duration-ms="9359">
      <class name="FolksamSelenium.FolksamSelenium.NewTest">
        <test-method is-config="true" signature="setup()[pri:0, instance:FolksamSelenium.FolksamSelenium.NewTest@2dc54ad4]" started-at="2022-05-23T20:39:57 CEST" name="setup" finished-at="2022-05-23T20:39:58 CEST" duration-ms="1621" status="PASS">
          <reporter-output>
          </reporter-output>
        </test-method> <!-- setup -->
        <test-method signature="validateText()[pri:0, instance:FolksamSelenium.FolksamSelenium.NewTest@2dc54ad4]" started-at="2022-05-23T20:39:58 CEST" name="validateText" finished-at="2022-05-23T20:40:02 CEST" duration-ms="3564" status="PASS">
          <reporter-output>
          </reporter-output>
        </test-method> <!-- validateText -->
        <test-method is-config="true" signature="afterTest()[pri:0, instance:FolksamSelenium.FolksamSelenium.NewTest@2dc54ad4]" started-at="2022-05-23T20:40:02 CEST" name="afterTest" finished-at="2022-05-23T20:40:06 CEST" duration-ms="4145" status="PASS">
          <reporter-output>
          </reporter-output>
        </test-method> <!-- afterTest -->
      </class> <!-- FolksamSelenium.FolksamSelenium.NewTest -->
    </test> <!-- Default test -->
  </suite> <!-- Default suite -->
</testng-results>
